2024-09-27 16:10:37,654 INFO o.a.j.u.JMeterUtils: Setting Locale to en_EN
2024-09-27 16:10:37,690 INFO o.a.j.JMeter: Loading user properties from: D:\Software\Software Testing\Apache JMeter v5.6.3\bin\user.properties
2024-09-27 16:10:37,692 INFO o.a.j.JMeter: Loading system properties from: D:\Software\Software Testing\Apache JMeter v5.6.3\bin\system.properties
2024-09-27 16:10:37,703 INFO o.a.j.JMeter: Copyright (c) 1998-2024 The Apache Software Foundation
2024-09-27 16:10:37,703 INFO o.a.j.JMeter: Version 5.6.3
2024-09-27 16:10:37,705 INFO o.a.j.JMeter: java.version=21.0.2
2024-09-27 16:10:37,705 INFO o.a.j.JMeter: java.vm.name=Java HotSpot(TM) 64-Bit Server VM
2024-09-27 16:10:37,705 INFO o.a.j.JMeter: os.name=Windows 11
2024-09-27 16:10:37,705 INFO o.a.j.JMeter: os.arch=amd64
2024-09-27 16:10:37,705 INFO o.a.j.JMeter: os.version=10.0
2024-09-27 16:10:37,705 INFO o.a.j.JMeter: file.encoding=UTF-8
2024-09-27 16:10:37,705 INFO o.a.j.JMeter: java.awt.headless=true
2024-09-27 16:10:37,705 INFO o.a.j.JMeter: Max memory     =1073741824
2024-09-27 16:10:37,706 INFO o.a.j.JMeter: Available Processors =16
2024-09-27 16:10:37,723 INFO o.a.j.JMeter: Default Locale=English (EN)
2024-09-27 16:10:37,724 INFO o.a.j.JMeter: JMeter  Locale=English (EN)
2024-09-27 16:10:37,724 INFO o.a.j.JMeter: JMeterHome=D:\Software\Software Testing\Apache JMeter v5.6.3
2024-09-27 16:10:37,724 INFO o.a.j.JMeter: user.dir  =D:\Document\GitHub\Swagger Note API (Postman)
2024-09-27 16:10:37,725 INFO o.a.j.JMeter: PWD       =D:\Document\GitHub\Swagger Note API (Postman)
2024-09-27 16:10:37,728 INFO o.a.j.JMeter: IP: 192.168.1.3 Name: Asus-Strix-G15 FullName: Asus-Strix-G15
2024-09-27 16:10:37,757 INFO o.a.j.s.FileServer: Default base='D:\Document\GitHub\Swagger Note API (Postman)'
2024-09-27 16:10:37,760 INFO o.a.j.s.FileServer: Set new base='D:\Document\GitHub\Swagger Note API (Postman)\jmeter-load-test'
2024-09-27 16:10:38,116 INFO o.a.j.s.SaveService: Testplan (JMX) version: 2.2. Testlog (JTL) version: 2.2
2024-09-27 16:10:38,181 INFO o.a.j.s.SaveService: Using SaveService properties version 5.0
2024-09-27 16:10:38,188 INFO o.a.j.s.SaveService: Using SaveService properties file encoding UTF-8
2024-09-27 16:10:38,195 INFO o.a.j.s.SaveService: Loading file: jmeter-load-test\swagger-note-api-load-test.jmx
2024-09-27 16:10:38,324 INFO o.a.j.p.h.s.HTTPSamplerBase: Parser for text/html is org.apache.jmeter.protocol.http.parser.LagartoBasedHtmlParser
2024-09-27 16:10:38,324 INFO o.a.j.p.h.s.HTTPSamplerBase: Parser for application/xhtml+xml is org.apache.jmeter.protocol.http.parser.LagartoBasedHtmlParser
2024-09-27 16:10:38,324 INFO o.a.j.p.h.s.HTTPSamplerBase: Parser for application/xml is org.apache.jmeter.protocol.http.parser.LagartoBasedHtmlParser
2024-09-27 16:10:38,324 INFO o.a.j.p.h.s.HTTPSamplerBase: Parser for text/xml is org.apache.jmeter.protocol.http.parser.LagartoBasedHtmlParser
2024-09-27 16:10:38,324 INFO o.a.j.p.h.s.HTTPSamplerBase: Parser for text/vnd.wap.wml is org.apache.jmeter.protocol.http.parser.RegexpHTMLParser
2024-09-27 16:10:38,325 INFO o.a.j.p.h.s.HTTPSamplerBase: Parser for text/css is org.apache.jmeter.protocol.http.parser.CssParser
2024-09-27 16:10:38,465 INFO o.a.j.JMeter: Creating summariser <summary>
2024-09-27 16:10:38,490 INFO o.a.j.e.StandardJMeterEngine: Running the test!
2024-09-27 16:10:38,491 INFO o.a.j.s.SampleEvent: List of sample_variables: []
2024-09-27 16:10:38,492 INFO o.a.j.s.SampleEvent: List of sample_variables: []
2024-09-27 16:10:38,500 INFO o.a.j.e.u.CompoundVariable: Note: Function class names must contain the string: '.functions.'
2024-09-27 16:10:38,500 INFO o.a.j.e.u.CompoundVariable: Note: Function class names must not contain the string: '.gui.'
2024-09-27 16:10:38,655 INFO o.a.j.JMeter: Running test (1727432738655)
2024-09-27 16:10:38,684 INFO o.a.j.e.StandardJMeterEngine: Starting ThreadGroup: 1 : Swagger Note API
2024-09-27 16:10:38,684 INFO o.a.j.e.StandardJMeterEngine: Starting 50 threads for group Swagger Note API.
2024-09-27 16:10:38,684 INFO o.a.j.e.StandardJMeterEngine: Thread will continue on error
2024-09-27 16:10:38,685 INFO o.a.j.t.ThreadGroup: Starting thread group... number=1 threads=50 ramp-up=10 delayedStart=false
2024-09-27 16:10:38,707 INFO o.a.j.t.JMeterThread: Thread started: Swagger Note API 1-1
2024-09-27 16:10:38,823 INFO o.a.j.t.ThreadGroup: Started thread group number 1
2024-09-27 16:10:38,823 INFO o.a.j.e.StandardJMeterEngine: All thread groups have been started
2024-09-27 16:10:38,896 INFO o.a.j.t.JMeterThread: Thread started: Swagger Note API 1-2
2024-09-27 16:10:39,092 INFO o.a.j.t.JMeterThread: Thread started: Swagger Note API 1-3
2024-09-27 16:10:39,292 INFO o.a.j.t.JMeterThread: Thread started: Swagger Note API 1-4
2024-09-27 16:10:39,492 INFO o.a.j.t.JMeterThread: Thread started: Swagger Note API 1-5
2024-09-27 16:10:39,693 INFO o.a.j.t.JMeterThread: Thread started: Swagger Note API 1-6
2024-09-27 16:10:39,891 INFO o.a.j.t.JMeterThread: Thread started: Swagger Note API 1-7
2024-09-27 16:10:40,094 INFO o.a.j.t.JMeterThread: Thread started: Swagger Note API 1-8
2024-09-27 16:10:40,291 INFO o.a.j.t.JMeterThread: Thread started: Swagger Note API 1-9
2024-09-27 16:10:40,490 INFO o.a.j.t.JMeterThread: Thread started: Swagger Note API 1-10
2024-09-27 16:10:40,692 INFO o.a.j.t.JMeterThread: Thread started: Swagger Note API 1-11
2024-09-27 16:10:40,904 INFO o.a.j.t.JMeterThread: Thread started: Swagger Note API 1-12
2024-09-27 16:10:41,090 INFO o.a.j.t.JMeterThread: Thread started: Swagger Note API 1-13
2024-09-27 16:10:41,290 INFO o.a.j.t.JMeterThread: Thread started: Swagger Note API 1-14
2024-09-27 16:10:41,490 INFO o.a.j.t.JMeterThread: Thread started: Swagger Note API 1-15
2024-09-27 16:10:41,691 INFO o.a.j.t.JMeterThread: Thread started: Swagger Note API 1-16
2024-09-27 16:10:41,891 INFO o.a.j.t.JMeterThread: Thread started: Swagger Note API 1-17
2024-09-27 16:10:42,088 INFO o.a.j.t.JMeterThread: Thread started: Swagger Note API 1-18
2024-09-27 16:10:42,290 INFO o.a.j.t.JMeterThread: Thread started: Swagger Note API 1-19
2024-09-27 16:10:42,491 INFO o.a.j.t.JMeterThread: Thread started: Swagger Note API 1-20
2024-09-27 16:10:42,689 INFO o.a.j.t.JMeterThread: Thread started: Swagger Note API 1-21
2024-09-27 16:10:42,890 INFO o.a.j.t.JMeterThread: Thread started: Swagger Note API 1-22
2024-09-27 16:10:43,090 INFO o.a.j.t.JMeterThread: Thread started: Swagger Note API 1-23
2024-09-27 16:10:43,291 INFO o.a.j.t.JMeterThread: Thread started: Swagger Note API 1-24
2024-09-27 16:10:43,490 INFO o.a.j.t.JMeterThread: Thread started: Swagger Note API 1-25
2024-09-27 16:10:43,690 INFO o.a.j.t.JMeterThread: Thread started: Swagger Note API 1-26
2024-09-27 16:10:43,753 INFO o.a.j.p.h.s.HTTPHCAbstractImpl: Local host = Asus-Strix-G15
2024-09-27 16:10:43,765 INFO o.a.j.p.h.s.HTTPHC4Impl: HTTP request retry count = 0
2024-09-27 16:10:43,768 INFO o.a.j.s.SampleResult: Note: Sample TimeStamps are START times
2024-09-27 16:10:43,768 INFO o.a.j.s.SampleResult: sampleresult.default.encoding is set to UTF-8
2024-09-27 16:10:43,768 INFO o.a.j.s.SampleResult: sampleresult.useNanoTime=true
2024-09-27 16:10:43,768 INFO o.a.j.s.SampleResult: sampleresult.nanoThreadSleep=5000
2024-09-27 16:10:43,898 INFO o.a.j.t.JMeterThread: Thread started: Swagger Note API 1-27
2024-09-27 16:10:43,976 INFO o.a.j.p.h.s.h.LazyLayeredConnectionSocketFactory: Setting up HTTPS TrustAll Socket Factory
2024-09-27 16:10:43,987 INFO o.a.j.u.JsseSSLManager: Using default SSL protocol: TLS
2024-09-27 16:10:43,988 INFO o.a.j.u.JsseSSLManager: SSL session context: per-thread
2024-09-27 16:10:44,098 INFO o.a.j.t.JMeterThread: Thread started: Swagger Note API 1-28
2024-09-27 16:10:44,288 INFO o.a.j.u.SSLManager: JmeterKeyStore Location:  type JKS
2024-09-27 16:10:44,295 INFO o.a.j.u.SSLManager: KeyStore created OK
2024-09-27 16:10:44,295 WARN o.a.j.u.SSLManager: Keystore file not found, loading empty keystore
2024-09-27 16:10:44,302 INFO o.a.j.t.JMeterThread: Thread started: Swagger Note API 1-29
2024-09-27 16:10:44,491 INFO o.a.j.t.JMeterThread: Thread started: Swagger Note API 1-30
2024-09-27 16:10:44,692 INFO o.a.j.t.JMeterThread: Thread started: Swagger Note API 1-31
2024-09-27 16:10:44,894 INFO o.a.j.t.JMeterThread: Thread started: Swagger Note API 1-32
2024-09-27 16:10:45,099 INFO o.a.j.t.JMeterThread: Thread started: Swagger Note API 1-33
2024-09-27 16:10:45,300 INFO o.a.j.t.JMeterThread: Thread started: Swagger Note API 1-34
2024-09-27 16:10:45,504 INFO o.a.j.t.JMeterThread: Thread started: Swagger Note API 1-35
2024-09-27 16:10:45,691 INFO o.a.j.t.JMeterThread: Thread started: Swagger Note API 1-36
2024-09-27 16:10:45,891 INFO o.a.j.t.JMeterThread: Thread started: Swagger Note API 1-37
2024-09-27 16:10:46,093 INFO o.a.j.t.JMeterThread: Thread started: Swagger Note API 1-38
2024-09-27 16:10:46,294 INFO o.a.j.t.JMeterThread: Thread started: Swagger Note API 1-39
2024-09-27 16:10:46,497 INFO o.a.j.t.JMeterThread: Thread started: Swagger Note API 1-40
2024-09-27 16:10:46,697 INFO o.a.j.t.JMeterThread: Thread started: Swagger Note API 1-41
2024-09-27 16:10:46,900 INFO o.a.j.t.JMeterThread: Thread started: Swagger Note API 1-42
2024-09-27 16:10:47,102 INFO o.a.j.t.JMeterThread: Thread started: Swagger Note API 1-43
2024-09-27 16:10:47,292 INFO o.a.j.t.JMeterThread: Thread started: Swagger Note API 1-44
2024-09-27 16:10:47,495 INFO o.a.j.t.JMeterThread: Thread started: Swagger Note API 1-45
2024-09-27 16:10:47,696 INFO o.a.j.t.JMeterThread: Thread started: Swagger Note API 1-46
2024-09-27 16:10:47,897 INFO o.a.j.t.JMeterThread: Thread started: Swagger Note API 1-47
2024-09-27 16:10:48,099 INFO o.a.j.t.JMeterThread: Thread started: Swagger Note API 1-48
2024-09-27 16:10:48,303 INFO o.a.j.t.JMeterThread: Thread started: Swagger Note API 1-49
2024-09-27 16:10:48,503 INFO o.a.j.t.JMeterThread: Thread started: Swagger Note API 1-50
2024-09-27 16:11:00,091 INFO o.a.j.r.Summariser: summary +    128 in 00:00:21 =    6.0/s Avg:   495 Min:     0 Max:  1528 Err:     0 (0.00%) Active: 50 Started: 50 Finished: 0
2024-09-27 16:11:30,094 INFO o.a.j.r.Summariser: summary +    275 in 00:00:30 =    9.2/s Avg:   353 Min:     0 Max:  1554 Err:     0 (0.00%) Active: 50 Started: 50 Finished: 0
2024-09-27 16:11:30,096 INFO o.a.j.r.Summariser: summary =    403 in 00:00:51 =    7.8/s Avg:   398 Min:     0 Max:  1554 Err:     0 (0.00%)
2024-09-27 16:12:00,219 INFO o.a.j.r.Summariser: summary +    280 in 00:00:30 =    9.3/s Avg:   401 Min:     0 Max:   773 Err:     0 (0.00%) Active: 50 Started: 50 Finished: 0
2024-09-27 16:12:00,221 INFO o.a.j.r.Summariser: summary =    683 in 00:01:22 =    8.4/s Avg:   399 Min:     0 Max:  1554 Err:     0 (0.00%)
2024-09-27 16:12:23,090 INFO o.a.j.t.JMeterThread: Thread is done: Swagger Note API 1-2
2024-09-27 16:12:23,091 INFO o.a.j.t.JMeterThread: Thread finished: Swagger Note API 1-2
2024-09-27 16:12:23,153 INFO o.a.j.t.JMeterThread: Thread is done: Swagger Note API 1-6
2024-09-27 16:12:23,153 INFO o.a.j.t.JMeterThread: Thread finished: Swagger Note API 1-6
2024-09-27 16:12:23,196 INFO o.a.j.t.JMeterThread: Thread is done: Swagger Note API 1-3
2024-09-27 16:12:23,196 INFO o.a.j.t.JMeterThread: Thread finished: Swagger Note API 1-3
2024-09-27 16:12:23,287 INFO o.a.j.t.JMeterThread: Thread is done: Swagger Note API 1-9
2024-09-27 16:12:23,287 INFO o.a.j.t.JMeterThread: Thread finished: Swagger Note API 1-9
2024-09-27 16:12:23,514 INFO o.a.j.t.JMeterThread: Thread is done: Swagger Note API 1-4
2024-09-27 16:12:23,516 INFO o.a.j.t.JMeterThread: Thread finished: Swagger Note API 1-4
2024-09-27 16:12:23,866 INFO o.a.j.t.JMeterThread: Thread is done: Swagger Note API 1-1
2024-09-27 16:12:23,866 INFO o.a.j.t.JMeterThread: Thread finished: Swagger Note API 1-1
2024-09-27 16:12:23,918 INFO o.a.j.t.JMeterThread: Thread is done: Swagger Note API 1-5
2024-09-27 16:12:23,918 INFO o.a.j.t.JMeterThread: Thread finished: Swagger Note API 1-5
2024-09-27 16:12:23,955 INFO o.a.j.t.JMeterThread: Thread is done: Swagger Note API 1-8
2024-09-27 16:12:23,956 INFO o.a.j.t.JMeterThread: Thread finished: Swagger Note API 1-8
2024-09-27 16:12:24,002 INFO o.a.j.t.JMeterThread: Thread is done: Swagger Note API 1-7
2024-09-27 16:12:24,002 INFO o.a.j.t.JMeterThread: Thread finished: Swagger Note API 1-7
2024-09-27 16:12:24,295 INFO o.a.j.t.JMeterThread: Thread is done: Swagger Note API 1-10
2024-09-27 16:12:24,295 INFO o.a.j.t.JMeterThread: Thread finished: Swagger Note API 1-10
2024-09-27 16:12:24,352 INFO o.a.j.t.JMeterThread: Thread is done: Swagger Note API 1-12
2024-09-27 16:12:24,353 INFO o.a.j.t.JMeterThread: Thread finished: Swagger Note API 1-12
2024-09-27 16:12:24,591 INFO o.a.j.t.JMeterThread: Thread is done: Swagger Note API 1-15
2024-09-27 16:12:24,591 INFO o.a.j.t.JMeterThread: Thread finished: Swagger Note API 1-15
2024-09-27 16:12:24,670 INFO o.a.j.t.JMeterThread: Thread is done: Swagger Note API 1-11
2024-09-27 16:12:24,670 INFO o.a.j.t.JMeterThread: Thread finished: Swagger Note API 1-11
2024-09-27 16:12:24,750 INFO o.a.j.t.JMeterThread: Thread is done: Swagger Note API 1-16
2024-09-27 16:12:24,750 INFO o.a.j.t.JMeterThread: Thread finished: Swagger Note API 1-16
2024-09-27 16:12:24,823 INFO o.a.j.t.JMeterThread: Thread is done: Swagger Note API 1-13
2024-09-27 16:12:24,824 INFO o.a.j.t.JMeterThread: Thread finished: Swagger Note API 1-13
2024-09-27 16:12:24,942 INFO o.a.j.t.JMeterThread: Thread is done: Swagger Note API 1-20
2024-09-27 16:12:24,942 INFO o.a.j.t.JMeterThread: Thread finished: Swagger Note API 1-20
2024-09-27 16:12:24,960 INFO o.a.j.t.JMeterThread: Thread is done: Swagger Note API 1-17
2024-09-27 16:12:24,960 INFO o.a.j.t.JMeterThread: Thread finished: Swagger Note API 1-17
2024-09-27 16:12:25,004 INFO o.a.j.t.JMeterThread: Thread is done: Swagger Note API 1-18
2024-09-27 16:12:25,004 INFO o.a.j.t.JMeterThread: Thread finished: Swagger Note API 1-18
2024-09-27 16:12:25,033 INFO o.a.j.t.JMeterThread: Thread is done: Swagger Note API 1-14
2024-09-27 16:12:25,033 INFO o.a.j.t.JMeterThread: Thread finished: Swagger Note API 1-14
2024-09-27 16:12:25,141 INFO o.a.j.t.JMeterThread: Thread is done: Swagger Note API 1-22
2024-09-27 16:12:25,142 INFO o.a.j.t.JMeterThread: Thread finished: Swagger Note API 1-22
2024-09-27 16:12:25,383 INFO o.a.j.t.JMeterThread: Thread is done: Swagger Note API 1-23
2024-09-27 16:12:25,383 INFO o.a.j.t.JMeterThread: Thread finished: Swagger Note API 1-23
2024-09-27 16:12:25,401 INFO o.a.j.t.JMeterThread: Thread is done: Swagger Note API 1-21
2024-09-27 16:12:25,401 INFO o.a.j.t.JMeterThread: Thread finished: Swagger Note API 1-21
2024-09-27 16:12:25,787 INFO o.a.j.t.JMeterThread: Thread is done: Swagger Note API 1-24
2024-09-27 16:12:25,787 INFO o.a.j.t.JMeterThread: Thread finished: Swagger Note API 1-24
2024-09-27 16:12:25,817 INFO o.a.j.t.JMeterThread: Thread is done: Swagger Note API 1-19
2024-09-27 16:12:25,817 INFO o.a.j.t.JMeterThread: Thread finished: Swagger Note API 1-19
2024-09-27 16:12:25,930 INFO o.a.j.t.JMeterThread: Thread is done: Swagger Note API 1-25
2024-09-27 16:12:25,931 INFO o.a.j.t.JMeterThread: Thread finished: Swagger Note API 1-25
2024-09-27 16:12:26,039 INFO o.a.j.t.JMeterThread: Thread is done: Swagger Note API 1-26
2024-09-27 16:12:26,039 INFO o.a.j.t.JMeterThread: Thread finished: Swagger Note API 1-26
2024-09-27 16:12:26,594 INFO o.a.j.t.JMeterThread: Thread is done: Swagger Note API 1-29
2024-09-27 16:12:26,595 INFO o.a.j.t.JMeterThread: Thread finished: Swagger Note API 1-29
2024-09-27 16:12:26,630 INFO o.a.j.t.JMeterThread: Thread is done: Swagger Note API 1-28
2024-09-27 16:12:26,630 INFO o.a.j.t.JMeterThread: Thread is done: Swagger Note API 1-27
2024-09-27 16:12:26,630 INFO o.a.j.t.JMeterThread: Thread finished: Swagger Note API 1-28
2024-09-27 16:12:26,631 INFO o.a.j.t.JMeterThread: Thread finished: Swagger Note API 1-27
2024-09-27 16:12:26,959 INFO o.a.j.t.JMeterThread: Thread is done: Swagger Note API 1-30
2024-09-27 16:12:26,959 INFO o.a.j.t.JMeterThread: Thread finished: Swagger Note API 1-30
2024-09-27 16:12:27,017 INFO o.a.j.t.JMeterThread: Thread is done: Swagger Note API 1-31
2024-09-27 16:12:27,017 INFO o.a.j.t.JMeterThread: Thread finished: Swagger Note API 1-31
2024-09-27 16:12:27,073 INFO o.a.j.t.JMeterThread: Thread is done: Swagger Note API 1-32
2024-09-27 16:12:27,073 INFO o.a.j.t.JMeterThread: Thread finished: Swagger Note API 1-32
2024-09-27 16:12:27,316 INFO o.a.j.t.JMeterThread: Thread is done: Swagger Note API 1-33
2024-09-27 16:12:27,316 INFO o.a.j.t.JMeterThread: Thread finished: Swagger Note API 1-33
2024-09-27 16:12:27,473 INFO o.a.j.t.JMeterThread: Thread is done: Swagger Note API 1-34
2024-09-27 16:12:27,473 INFO o.a.j.t.JMeterThread: Thread finished: Swagger Note API 1-34
2024-09-27 16:12:28,172 INFO o.a.j.t.JMeterThread: Thread is done: Swagger Note API 1-36
2024-09-27 16:12:28,172 INFO o.a.j.t.JMeterThread: Thread finished: Swagger Note API 1-36
2024-09-27 16:12:28,229 INFO o.a.j.t.JMeterThread: Thread is done: Swagger Note API 1-35
2024-09-27 16:12:28,229 INFO o.a.j.t.JMeterThread: Thread finished: Swagger Note API 1-35
2024-09-27 16:12:28,704 INFO o.a.j.t.JMeterThread: Thread is done: Swagger Note API 1-37
2024-09-27 16:12:28,704 INFO o.a.j.t.JMeterThread: Thread finished: Swagger Note API 1-37
2024-09-27 16:12:29,224 INFO o.a.j.t.JMeterThread: Thread is done: Swagger Note API 1-41
2024-09-27 16:12:29,224 INFO o.a.j.t.JMeterThread: Thread finished: Swagger Note API 1-41
2024-09-27 16:12:29,227 INFO o.a.j.t.JMeterThread: Thread is done: Swagger Note API 1-38
2024-09-27 16:12:29,227 INFO o.a.j.t.JMeterThread: Thread finished: Swagger Note API 1-38
2024-09-27 16:12:29,227 INFO o.a.j.t.JMeterThread: Thread is done: Swagger Note API 1-40
2024-09-27 16:12:29,227 INFO o.a.j.t.JMeterThread: Thread finished: Swagger Note API 1-40
2024-09-27 16:12:29,230 INFO o.a.j.t.JMeterThread: Thread is done: Swagger Note API 1-39
2024-09-27 16:12:29,230 INFO o.a.j.t.JMeterThread: Thread finished: Swagger Note API 1-39
2024-09-27 16:12:29,263 INFO o.a.j.t.JMeterThread: Thread is done: Swagger Note API 1-42
2024-09-27 16:12:29,264 INFO o.a.j.t.JMeterThread: Thread finished: Swagger Note API 1-42
2024-09-27 16:12:29,719 INFO o.a.j.t.JMeterThread: Thread is done: Swagger Note API 1-43
2024-09-27 16:12:29,719 INFO o.a.j.t.JMeterThread: Thread is done: Swagger Note API 1-44
2024-09-27 16:12:29,719 INFO o.a.j.t.JMeterThread: Thread finished: Swagger Note API 1-43
2024-09-27 16:12:29,719 INFO o.a.j.t.JMeterThread: Thread finished: Swagger Note API 1-44
2024-09-27 16:12:29,995 INFO o.a.j.t.JMeterThread: Thread is done: Swagger Note API 1-45
2024-09-27 16:12:29,996 INFO o.a.j.t.JMeterThread: Thread finished: Swagger Note API 1-45
2024-09-27 16:12:30,179 INFO o.a.j.r.Summariser: summary +    263 in 00:00:30 =    8.8/s Avg:   429 Min:     0 Max:   798 Err:     0 (0.00%) Active: 5 Started: 50 Finished: 45
2024-09-27 16:12:30,180 INFO o.a.j.r.Summariser: summary =    946 in 00:01:52 =    8.5/s Avg:   408 Min:     0 Max:  1554 Err:     0 (0.00%)
2024-09-27 16:12:30,180 INFO o.a.j.t.JMeterThread: Thread is done: Swagger Note API 1-46
2024-09-27 16:12:30,180 INFO o.a.j.t.JMeterThread: Thread finished: Swagger Note API 1-46
2024-09-27 16:12:30,214 INFO o.a.j.t.JMeterThread: Thread is done: Swagger Note API 1-47
2024-09-27 16:12:30,215 INFO o.a.j.t.JMeterThread: Thread finished: Swagger Note API 1-47
2024-09-27 16:12:30,315 INFO o.a.j.t.JMeterThread: Thread is done: Swagger Note API 1-48
2024-09-27 16:12:30,316 INFO o.a.j.t.JMeterThread: Thread finished: Swagger Note API 1-48
2024-09-27 16:12:30,629 INFO o.a.j.t.JMeterThread: Thread is done: Swagger Note API 1-49
2024-09-27 16:12:30,629 INFO o.a.j.t.JMeterThread: Thread finished: Swagger Note API 1-49
2024-09-27 16:12:30,715 INFO o.a.j.t.JMeterThread: Thread is done: Swagger Note API 1-50
2024-09-27 16:12:30,715 INFO o.a.j.t.JMeterThread: Thread finished: Swagger Note API 1-50
2024-09-27 16:12:30,716 INFO o.a.j.e.StandardJMeterEngine: Notifying test listeners of end of test
2024-09-27 16:12:30,718 INFO o.a.j.r.Summariser: summary +      4 in 00:00:01 =    7.4/s Avg:   580 Min:   571 Max:   594 Err:     0 (0.00%) Active: 0 Started: 50 Finished: 50
2024-09-27 16:12:30,719 INFO o.a.j.r.Summariser: summary =    950 in 00:01:52 =    8.5/s Avg:   408 Min:     0 Max:  1554 Err:     0 (0.00%)
